<?xml version="1.0" encoding="UTF-8"?>
<testsuite name="ScrabbleTest" tests="1" skipped="0" failures="0" errors="0" timestamp="2016-04-19T22:54:29" hostname="LAPTOP-0DBIB10J" time="0.0">
  <properties/>
  <testcase name="Scrabble_SingleLetterReturnValue_True" classname="ScrabbleTest" time="0.0"/>
  <system-out><![CDATA[]]></system-out>
  <system-err><![CDATA[]]></system-err>
</testsuite>
